2020-07-29 07:48:34.270  INFO 10688 --- [restartedMain] l.e.community.CommunityApplication       : Starting CommunityApplication on DESKTOP-BHGM3HS with PID 10688 (F:\Code\community\target\classes started by hasee in F:\Code\community)
2020-07-29 07:48:34.276  INFO 10688 --- [restartedMain] l.e.community.CommunityApplication       : No active profile set, falling back to default profiles: default
2020-07-29 07:48:34.366  INFO 10688 --- [restartedMain] .e.DevToolsPropertyDefaultsPostProcessor : Devtools property defaults active! Set 'spring.devtools.add-properties' to 'false' to disable
2020-07-29 07:48:34.366  INFO 10688 --- [restartedMain] .e.DevToolsPropertyDefaultsPostProcessor : For additional web related logging consider setting the 'logging.level.web' property to 'DEBUG'
2020-07-29 07:48:36.580  INFO 10688 --- [restartedMain] o.s.b.w.embedded.tomcat.TomcatWebServer  : Tomcat initialized with port(s): 8887 (http)
2020-07-29 07:48:36.602  INFO 10688 --- [restartedMain] o.apache.catalina.core.StandardService   : Starting service [Tomcat]
2020-07-29 07:48:36.602  INFO 10688 --- [restartedMain] org.apache.catalina.core.StandardEngine  : Starting Servlet engine: [Apache Tomcat/9.0.36]
2020-07-29 07:48:36.812  INFO 10688 --- [restartedMain] o.a.c.c.C.[Tomcat].[localhost].[/]       : Initializing Spring embedded WebApplicationContext
2020-07-29 07:48:36.813  INFO 10688 --- [restartedMain] w.s.c.ServletWebServerApplicationContext : Root WebApplicationContext: initialization completed in 2446 ms
2020-07-29 07:48:36.868  INFO 10688 --- [restartedMain] com.zaxxer.hikari.HikariDataSource       : HikariPool-1 - Starting...
2020-07-29 07:48:37.076  INFO 10688 --- [restartedMain] com.zaxxer.hikari.HikariDataSource       : HikariPool-1 - Start completed.
2020-07-29 07:48:37.084  INFO 10688 --- [restartedMain] o.s.b.a.h2.H2ConsoleAutoConfiguration    : H2 console available at '/h2-console'. Database available at 'jdbc:h2:~/community-learn'
2020-07-29 07:48:38.187  INFO 10688 --- [restartedMain] o.s.s.concurrent.ThreadPoolTaskExecutor  : Initializing ExecutorService 'applicationTaskExecutor'
2020-07-29 07:48:38.299  INFO 10688 --- [restartedMain] o.s.b.a.w.s.WelcomePageHandlerMapping    : Adding welcome page template: index
2020-07-29 07:48:38.849  INFO 10688 --- [restartedMain] o.s.b.d.a.OptionalLiveReloadServer       : LiveReload server is running on port 35729
2020-07-29 07:48:38.903  INFO 10688 --- [restartedMain] o.s.b.w.embedded.tomcat.TomcatWebServer  : Tomcat started on port(s): 8887 (http) with context path ''
2020-07-29 07:48:38.921  INFO 10688 --- [restartedMain] l.e.community.CommunityApplication       : Started CommunityApplication in 5.268 seconds (JVM running for 7.757)
2020-07-29 07:50:48.935  INFO 10688 --- [Thread-184] o.s.s.concurrent.ThreadPoolTaskExecutor  : Shutting down ExecutorService 'applicationTaskExecutor'
2020-07-29 07:50:48.936  INFO 10688 --- [Thread-184] com.zaxxer.hikari.HikariDataSource       : HikariPool-1 - Shutdown initiated...
2020-07-29 07:50:48.966  INFO 10688 --- [Thread-184] com.zaxxer.hikari.HikariDataSource       : HikariPool-1 - Shutdown completed.
2020-07-29 07:50:49.167  INFO 10688 --- [restartedMain] l.e.community.CommunityApplication       : Starting CommunityApplication on DESKTOP-BHGM3HS with PID 10688 (F:\Code\community\target\classes started by hasee in F:\Code\community)
2020-07-29 07:50:49.167  INFO 10688 --- [restartedMain] l.e.community.CommunityApplication       : No active profile set, falling back to default profiles: default
2020-07-29 07:50:49.808  INFO 10688 --- [restartedMain] o.s.b.w.embedded.tomcat.TomcatWebServer  : Tomcat initialized with port(s): 8887 (http)
2020-07-29 07:50:49.809  INFO 10688 --- [restartedMain] o.apache.catalina.core.StandardService   : Starting service [Tomcat]
2020-07-29 07:50:49.809  INFO 10688 --- [restartedMain] org.apache.catalina.core.StandardEngine  : Starting Servlet engine: [Apache Tomcat/9.0.36]
2020-07-29 07:50:49.890  INFO 10688 --- [restartedMain] o.a.c.c.C.[Tomcat].[localhost].[/]       : Initializing Spring embedded WebApplicationContext
2020-07-29 07:50:49.890  INFO 10688 --- [restartedMain] w.s.c.ServletWebServerApplicationContext : Root WebApplicationContext: initialization completed in 720 ms
2020-07-29 07:50:49.918  INFO 10688 --- [restartedMain] com.zaxxer.hikari.HikariDataSource       : HikariPool-2 - Starting...
2020-07-29 07:50:49.938  INFO 10688 --- [restartedMain] com.zaxxer.hikari.HikariDataSource       : HikariPool-2 - Start completed.
2020-07-29 07:50:49.938  INFO 10688 --- [restartedMain] o.s.b.a.h2.H2ConsoleAutoConfiguration    : H2 console available at '/h2-console'. Database available at 'jdbc:h2:~/community-learn'
2020-07-29 07:50:50.298  INFO 10688 --- [restartedMain] o.s.s.concurrent.ThreadPoolTaskExecutor  : Initializing ExecutorService 'applicationTaskExecutor'
2020-07-29 07:50:50.333  INFO 10688 --- [restartedMain] o.s.b.a.w.s.WelcomePageHandlerMapping    : Adding welcome page template: index
2020-07-29 07:50:50.669  INFO 10688 --- [restartedMain] o.s.b.d.a.OptionalLiveReloadServer       : LiveReload server is running on port 35729
2020-07-29 07:50:50.693  INFO 10688 --- [restartedMain] o.s.b.w.embedded.tomcat.TomcatWebServer  : Tomcat started on port(s): 8887 (http) with context path ''
2020-07-29 07:50:50.704  INFO 10688 --- [restartedMain] l.e.community.CommunityApplication       : Started CommunityApplication in 1.587 seconds (JVM running for 139.54)
2020-07-29 07:50:50.708  INFO 10688 --- [restartedMain] .ConditionEvaluationDeltaLoggingListener : Condition evaluation unchanged
2020-07-29 07:50:50.805  INFO 10688 --- [http-nio-8887-exec-3] o.a.c.c.C.[Tomcat].[localhost].[/]       : Initializing Spring DispatcherServlet 'dispatcherServlet'
2020-07-29 07:50:50.806  INFO 10688 --- [http-nio-8887-exec-3] o.s.web.servlet.DispatcherServlet        : Initializing Servlet 'dispatcherServlet'
2020-07-29 07:50:50.819  INFO 10688 --- [http-nio-8887-exec-3] o.s.web.servlet.DispatcherServlet        : Completed initialization in 13 ms
2020-07-29 07:50:50.957 DEBUG 10688 --- [http-nio-8887-exec-3] l.e.c.mapper.UserMapper.selectByExample  : ==>  Preparing: select ID, ACCOUNT_ID, NAME, TOKEN, GMT_CREATE, GMT_MODIFIED, BIO, AVATAR_URL from USER WHERE ( TOKEN = ? )
2020-07-29 07:50:51.004 DEBUG 10688 --- [http-nio-8887-exec-3] l.e.c.mapper.UserMapper.selectByExample  : ==> Parameters: 4e665ee0-9102-4bea-a794-9c732dbecffc(String)
2020-07-29 07:50:51.038 DEBUG 10688 --- [http-nio-8887-exec-3] l.e.c.mapper.UserMapper.selectByExample  : <==      Total: 1
2020-07-29 07:50:51.059 DEBUG 10688 --- [http-nio-8887-exec-3] l.e.c.m.N.countByExample                 : ==>  Preparing: select count(*) from NOTIFICATION WHERE ( RECEIVER = ? and STATUS = ? )
2020-07-29 07:50:51.069 DEBUG 10688 --- [http-nio-8887-exec-3] l.e.c.m.N.countByExample                 : ==> Parameters: 356(Long), 0(Integer)
2020-07-29 07:50:51.084 DEBUG 10688 --- [http-nio-8887-exec-3] l.e.c.m.N.countByExample                 : <==      Total: 1
2020-07-29 07:50:51.132 DEBUG 10688 --- [http-nio-8887-exec-3] l.e.c.m.QuestionExtMapper.countBySearch  : ==>  Preparing: select count(*) from QUESTION
2020-07-29 07:50:51.132 DEBUG 10688 --- [http-nio-8887-exec-3] l.e.c.m.QuestionExtMapper.countBySearch  : ==> Parameters: 
2020-07-29 07:50:51.133 DEBUG 10688 --- [http-nio-8887-exec-3] l.e.c.m.QuestionExtMapper.countBySearch  : <==      Total: 1
2020-07-29 07:50:51.134 DEBUG 10688 --- [http-nio-8887-exec-3] l.e.c.m.Q.selectBySearch                 : ==>  Preparing: select * from QUESTION order by gmt_create desc limit ?,?
2020-07-29 07:50:51.135 DEBUG 10688 --- [http-nio-8887-exec-3] l.e.c.m.Q.selectBySearch                 : ==> Parameters: 0(Integer), 5(Integer)
2020-07-29 07:50:51.142 DEBUG 10688 --- [http-nio-8887-exec-3] l.e.c.m.Q.selectBySearch                 : <==      Total: 5
2020-07-29 07:50:51.145 DEBUG 10688 --- [http-nio-8887-exec-3] l.e.c.m.UserMapper.selectByPrimaryKey    : ==>  Preparing: select ID, ACCOUNT_ID, NAME, TOKEN, GMT_CREATE, GMT_MODIFIED, BIO, AVATAR_URL from USER where ID = ?
2020-07-29 07:50:51.146 DEBUG 10688 --- [http-nio-8887-exec-3] l.e.c.m.UserMapper.selectByPrimaryKey    : ==> Parameters: 356(Long)
2020-07-29 07:50:51.148 DEBUG 10688 --- [http-nio-8887-exec-3] l.e.c.m.UserMapper.selectByPrimaryKey    : <==      Total: 1
2020-07-29 07:50:51.163 DEBUG 10688 --- [http-nio-8887-exec-3] l.e.c.m.UserMapper.selectByPrimaryKey    : ==>  Preparing: select ID, ACCOUNT_ID, NAME, TOKEN, GMT_CREATE, GMT_MODIFIED, BIO, AVATAR_URL from USER where ID = ?
2020-07-29 07:50:51.163 DEBUG 10688 --- [http-nio-8887-exec-3] l.e.c.m.UserMapper.selectByPrimaryKey    : ==> Parameters: 356(Long)
2020-07-29 07:50:51.164 DEBUG 10688 --- [http-nio-8887-exec-3] l.e.c.m.UserMapper.selectByPrimaryKey    : <==      Total: 1
2020-07-29 07:50:51.165 DEBUG 10688 --- [http-nio-8887-exec-3] l.e.c.m.UserMapper.selectByPrimaryKey    : ==>  Preparing: select ID, ACCOUNT_ID, NAME, TOKEN, GMT_CREATE, GMT_MODIFIED, BIO, AVATAR_URL from USER where ID = ?
2020-07-29 07:50:51.165 DEBUG 10688 --- [http-nio-8887-exec-3] l.e.c.m.UserMapper.selectByPrimaryKey    : ==> Parameters: 356(Long)
2020-07-29 07:50:51.166 DEBUG 10688 --- [http-nio-8887-exec-3] l.e.c.m.UserMapper.selectByPrimaryKey    : <==      Total: 1
2020-07-29 07:50:51.166 DEBUG 10688 --- [http-nio-8887-exec-3] l.e.c.m.UserMapper.selectByPrimaryKey    : ==>  Preparing: select ID, ACCOUNT_ID, NAME, TOKEN, GMT_CREATE, GMT_MODIFIED, BIO, AVATAR_URL from USER where ID = ?
2020-07-29 07:50:51.167 DEBUG 10688 --- [http-nio-8887-exec-3] l.e.c.m.UserMapper.selectByPrimaryKey    : ==> Parameters: 356(Long)
2020-07-29 07:50:51.168 DEBUG 10688 --- [http-nio-8887-exec-3] l.e.c.m.UserMapper.selectByPrimaryKey    : <==      Total: 1
2020-07-29 07:50:51.168 DEBUG 10688 --- [http-nio-8887-exec-3] l.e.c.m.UserMapper.selectByPrimaryKey    : ==>  Preparing: select ID, ACCOUNT_ID, NAME, TOKEN, GMT_CREATE, GMT_MODIFIED, BIO, AVATAR_URL from USER where ID = ?
2020-07-29 07:50:51.169 DEBUG 10688 --- [http-nio-8887-exec-3] l.e.c.m.UserMapper.selectByPrimaryKey    : ==> Parameters: 356(Long)
2020-07-29 07:50:51.169 DEBUG 10688 --- [http-nio-8887-exec-3] l.e.c.m.UserMapper.selectByPrimaryKey    : <==      Total: 1
2020-07-29 07:50:52.006 DEBUG 10688 --- [http-nio-8887-exec-4] l.e.c.mapper.UserMapper.selectByExample  : ==>  Preparing: select ID, ACCOUNT_ID, NAME, TOKEN, GMT_CREATE, GMT_MODIFIED, BIO, AVATAR_URL from USER WHERE ( TOKEN = ? )
2020-07-29 07:50:52.006 DEBUG 10688 --- [http-nio-8887-exec-1] l.e.c.mapper.UserMapper.selectByExample  : ==>  Preparing: select ID, ACCOUNT_ID, NAME, TOKEN, GMT_CREATE, GMT_MODIFIED, BIO, AVATAR_URL from USER WHERE ( TOKEN = ? )
2020-07-29 07:50:52.006 DEBUG 10688 --- [http-nio-8887-exec-7] l.e.c.mapper.UserMapper.selectByExample  : ==>  Preparing: select ID, ACCOUNT_ID, NAME, TOKEN, GMT_CREATE, GMT_MODIFIED, BIO, AVATAR_URL from USER WHERE ( TOKEN = ? )
2020-07-29 07:50:52.006 DEBUG 10688 --- [http-nio-8887-exec-7] l.e.c.mapper.UserMapper.selectByExample  : ==> Parameters: 4e665ee0-9102-4bea-a794-9c732dbecffc(String)
2020-07-29 07:50:52.007 DEBUG 10688 --- [http-nio-8887-exec-4] l.e.c.mapper.UserMapper.selectByExample  : ==> Parameters: 4e665ee0-9102-4bea-a794-9c732dbecffc(String)
2020-07-29 07:50:52.007 DEBUG 10688 --- [http-nio-8887-exec-1] l.e.c.mapper.UserMapper.selectByExample  : ==> Parameters: 4e665ee0-9102-4bea-a794-9c732dbecffc(String)
2020-07-29 07:50:52.008 DEBUG 10688 --- [http-nio-8887-exec-7] l.e.c.mapper.UserMapper.selectByExample  : <==      Total: 1
2020-07-29 07:50:52.008 DEBUG 10688 --- [http-nio-8887-exec-4] l.e.c.mapper.UserMapper.selectByExample  : <==      Total: 1
2020-07-29 07:50:52.009 DEBUG 10688 --- [http-nio-8887-exec-1] l.e.c.mapper.UserMapper.selectByExample  : <==      Total: 1
2020-07-29 07:50:52.010 DEBUG 10688 --- [http-nio-8887-exec-7] l.e.c.m.N.countByExample                 : ==>  Preparing: select count(*) from NOTIFICATION WHERE ( RECEIVER = ? and STATUS = ? )
2020-07-29 07:50:52.011 DEBUG 10688 --- [http-nio-8887-exec-4] l.e.c.m.N.countByExample                 : ==>  Preparing: select count(*) from NOTIFICATION WHERE ( RECEIVER = ? and STATUS = ? )
2020-07-29 07:50:52.013 DEBUG 10688 --- [http-nio-8887-exec-4] l.e.c.m.N.countByExample                 : ==> Parameters: 356(Long), 0(Integer)
2020-07-29 07:50:52.013 DEBUG 10688 --- [http-nio-8887-exec-7] l.e.c.m.N.countByExample                 : ==> Parameters: 356(Long), 0(Integer)
2020-07-29 07:50:52.014 DEBUG 10688 --- [http-nio-8887-exec-7] l.e.c.m.N.countByExample                 : <==      Total: 1
2020-07-29 07:50:52.014 DEBUG 10688 --- [http-nio-8887-exec-1] l.e.c.m.N.countByExample                 : ==>  Preparing: select count(*) from NOTIFICATION WHERE ( RECEIVER = ? and STATUS = ? )
2020-07-29 07:50:52.015 DEBUG 10688 --- [http-nio-8887-exec-4] l.e.c.m.N.countByExample                 : <==      Total: 1
2020-07-29 07:50:52.015 DEBUG 10688 --- [http-nio-8887-exec-1] l.e.c.m.N.countByExample                 : ==> Parameters: 356(Long), 0(Integer)
2020-07-29 07:50:52.016 DEBUG 10688 --- [http-nio-8887-exec-1] l.e.c.m.N.countByExample                 : <==      Total: 1
2020-07-29 07:50:52.051 DEBUG 10688 --- [http-nio-8887-exec-2] l.e.c.mapper.UserMapper.selectByExample  : ==>  Preparing: select ID, ACCOUNT_ID, NAME, TOKEN, GMT_CREATE, GMT_MODIFIED, BIO, AVATAR_URL from USER WHERE ( TOKEN = ? )
2020-07-29 07:50:52.052 DEBUG 10688 --- [http-nio-8887-exec-2] l.e.c.mapper.UserMapper.selectByExample  : ==> Parameters: 4e665ee0-9102-4bea-a794-9c732dbecffc(String)
2020-07-29 07:50:52.053 DEBUG 10688 --- [http-nio-8887-exec-5] l.e.c.mapper.UserMapper.selectByExample  : ==>  Preparing: select ID, ACCOUNT_ID, NAME, TOKEN, GMT_CREATE, GMT_MODIFIED, BIO, AVATAR_URL from USER WHERE ( TOKEN = ? )
2020-07-29 07:50:52.054 DEBUG 10688 --- [http-nio-8887-exec-5] l.e.c.mapper.UserMapper.selectByExample  : ==> Parameters: 4e665ee0-9102-4bea-a794-9c732dbecffc(String)
2020-07-29 07:50:52.054 DEBUG 10688 --- [http-nio-8887-exec-2] l.e.c.mapper.UserMapper.selectByExample  : <==      Total: 1
2020-07-29 07:50:52.054 DEBUG 10688 --- [http-nio-8887-exec-5] l.e.c.mapper.UserMapper.selectByExample  : <==      Total: 1
2020-07-29 07:50:52.056 DEBUG 10688 --- [http-nio-8887-exec-2] l.e.c.m.N.countByExample                 : ==>  Preparing: select count(*) from NOTIFICATION WHERE ( RECEIVER = ? and STATUS = ? )
2020-07-29 07:50:52.056 DEBUG 10688 --- [http-nio-8887-exec-5] l.e.c.m.N.countByExample                 : ==>  Preparing: select count(*) from NOTIFICATION WHERE ( RECEIVER = ? and STATUS = ? )
2020-07-29 07:50:52.057 DEBUG 10688 --- [http-nio-8887-exec-5] l.e.c.m.N.countByExample                 : ==> Parameters: 356(Long), 0(Integer)
2020-07-29 07:50:52.057 DEBUG 10688 --- [http-nio-8887-exec-2] l.e.c.m.N.countByExample                 : ==> Parameters: 356(Long), 0(Integer)
2020-07-29 07:50:52.057 DEBUG 10688 --- [http-nio-8887-exec-2] l.e.c.m.N.countByExample                 : <==      Total: 1
2020-07-29 07:50:52.057 DEBUG 10688 --- [http-nio-8887-exec-5] l.e.c.m.N.countByExample                 : <==      Total: 1
2020-07-29 07:50:52.115 DEBUG 10688 --- [http-nio-8887-exec-6] l.e.c.mapper.UserMapper.selectByExample  : ==>  Preparing: select ID, ACCOUNT_ID, NAME, TOKEN, GMT_CREATE, GMT_MODIFIED, BIO, AVATAR_URL from USER WHERE ( TOKEN = ? )
2020-07-29 07:50:52.115 DEBUG 10688 --- [http-nio-8887-exec-6] l.e.c.mapper.UserMapper.selectByExample  : ==> Parameters: 4e665ee0-9102-4bea-a794-9c732dbecffc(String)
2020-07-29 07:50:52.115 DEBUG 10688 --- [http-nio-8887-exec-6] l.e.c.mapper.UserMapper.selectByExample  : <==      Total: 1
2020-07-29 07:50:52.116 DEBUG 10688 --- [http-nio-8887-exec-6] l.e.c.m.N.countByExample                 : ==>  Preparing: select count(*) from NOTIFICATION WHERE ( RECEIVER = ? and STATUS = ? )
2020-07-29 07:50:52.116 DEBUG 10688 --- [http-nio-8887-exec-6] l.e.c.m.N.countByExample                 : ==> Parameters: 356(Long), 0(Integer)
2020-07-29 07:50:52.117 DEBUG 10688 --- [http-nio-8887-exec-6] l.e.c.m.N.countByExample                 : <==      Total: 1
2020-07-29 07:50:52.940 DEBUG 10688 --- [http-nio-8887-exec-8] l.e.c.mapper.UserMapper.selectByExample  : ==>  Preparing: select ID, ACCOUNT_ID, NAME, TOKEN, GMT_CREATE, GMT_MODIFIED, BIO, AVATAR_URL from USER WHERE ( TOKEN = ? )
2020-07-29 07:50:52.942 DEBUG 10688 --- [http-nio-8887-exec-8] l.e.c.mapper.UserMapper.selectByExample  : ==> Parameters: 4e665ee0-9102-4bea-a794-9c732dbecffc(String)
2020-07-29 07:50:52.943 DEBUG 10688 --- [http-nio-8887-exec-8] l.e.c.mapper.UserMapper.selectByExample  : <==      Total: 1
2020-07-29 07:50:52.945 DEBUG 10688 --- [http-nio-8887-exec-8] l.e.c.m.N.countByExample                 : ==>  Preparing: select count(*) from NOTIFICATION WHERE ( RECEIVER = ? and STATUS = ? )
2020-07-29 07:50:52.946 DEBUG 10688 --- [http-nio-8887-exec-8] l.e.c.m.N.countByExample                 : ==> Parameters: 356(Long), 0(Integer)
2020-07-29 07:50:52.946 DEBUG 10688 --- [http-nio-8887-exec-8] l.e.c.m.N.countByExample                 : <==      Total: 1
2020-07-29 07:50:52.948 DEBUG 10688 --- [http-nio-8887-exec-8] l.e.c.m.QuestionExtMapper.countBySearch  : ==>  Preparing: select count(*) from QUESTION
2020-07-29 07:50:52.948 DEBUG 10688 --- [http-nio-8887-exec-8] l.e.c.m.QuestionExtMapper.countBySearch  : ==> Parameters: 
2020-07-29 07:50:52.949 DEBUG 10688 --- [http-nio-8887-exec-8] l.e.c.m.QuestionExtMapper.countBySearch  : <==      Total: 1
2020-07-29 07:50:52.949 DEBUG 10688 --- [http-nio-8887-exec-8] l.e.c.m.Q.selectBySearch                 : ==>  Preparing: select * from QUESTION order by gmt_create desc limit ?,?
2020-07-29 07:50:52.950 DEBUG 10688 --- [http-nio-8887-exec-8] l.e.c.m.Q.selectBySearch                 : ==> Parameters: 0(Integer), 5(Integer)
2020-07-29 07:50:52.952 DEBUG 10688 --- [http-nio-8887-exec-8] l.e.c.m.Q.selectBySearch                 : <==      Total: 5
2020-07-29 07:50:52.954 DEBUG 10688 --- [http-nio-8887-exec-8] l.e.c.m.UserMapper.selectByPrimaryKey    : ==>  Preparing: select ID, ACCOUNT_ID, NAME, TOKEN, GMT_CREATE, GMT_MODIFIED, BIO, AVATAR_URL from USER where ID = ?
2020-07-29 07:50:52.954 DEBUG 10688 --- [http-nio-8887-exec-8] l.e.c.m.UserMapper.selectByPrimaryKey    : ==> Parameters: 356(Long)
2020-07-29 07:50:52.955 DEBUG 10688 --- [http-nio-8887-exec-8] l.e.c.m.UserMapper.selectByPrimaryKey    : <==      Total: 1
2020-07-29 07:50:52.956 DEBUG 10688 --- [http-nio-8887-exec-8] l.e.c.m.UserMapper.selectByPrimaryKey    : ==>  Preparing: select ID, ACCOUNT_ID, NAME, TOKEN, GMT_CREATE, GMT_MODIFIED, BIO, AVATAR_URL from USER where ID = ?
2020-07-29 07:50:52.956 DEBUG 10688 --- [http-nio-8887-exec-8] l.e.c.m.UserMapper.selectByPrimaryKey    : ==> Parameters: 356(Long)
2020-07-29 07:50:52.957 DEBUG 10688 --- [http-nio-8887-exec-8] l.e.c.m.UserMapper.selectByPrimaryKey    : <==      Total: 1
2020-07-29 07:50:52.958 DEBUG 10688 --- [http-nio-8887-exec-8] l.e.c.m.UserMapper.selectByPrimaryKey    : ==>  Preparing: select ID, ACCOUNT_ID, NAME, TOKEN, GMT_CREATE, GMT_MODIFIED, BIO, AVATAR_URL from USER where ID = ?
2020-07-29 07:50:52.958 DEBUG 10688 --- [http-nio-8887-exec-8] l.e.c.m.UserMapper.selectByPrimaryKey    : ==> Parameters: 356(Long)
2020-07-29 07:50:52.960 DEBUG 10688 --- [http-nio-8887-exec-8] l.e.c.m.UserMapper.selectByPrimaryKey    : <==      Total: 1
2020-07-29 07:50:52.960 DEBUG 10688 --- [http-nio-8887-exec-8] l.e.c.m.UserMapper.selectByPrimaryKey    : ==>  Preparing: select ID, ACCOUNT_ID, NAME, TOKEN, GMT_CREATE, GMT_MODIFIED, BIO, AVATAR_URL from USER where ID = ?
2020-07-29 07:50:52.961 DEBUG 10688 --- [http-nio-8887-exec-8] l.e.c.m.UserMapper.selectByPrimaryKey    : ==> Parameters: 356(Long)
2020-07-29 07:50:52.961 DEBUG 10688 --- [http-nio-8887-exec-8] l.e.c.m.UserMapper.selectByPrimaryKey    : <==      Total: 1
2020-07-29 07:50:52.962 DEBUG 10688 --- [http-nio-8887-exec-8] l.e.c.m.UserMapper.selectByPrimaryKey    : ==>  Preparing: select ID, ACCOUNT_ID, NAME, TOKEN, GMT_CREATE, GMT_MODIFIED, BIO, AVATAR_URL from USER where ID = ?
2020-07-29 07:50:52.962 DEBUG 10688 --- [http-nio-8887-exec-8] l.e.c.m.UserMapper.selectByPrimaryKey    : ==> Parameters: 356(Long)
2020-07-29 07:50:52.962 DEBUG 10688 --- [http-nio-8887-exec-8] l.e.c.m.UserMapper.selectByPrimaryKey    : <==      Total: 1
2020-07-29 07:51:33.517  INFO 10688 --- [Thread-193] o.s.s.concurrent.ThreadPoolTaskExecutor  : Shutting down ExecutorService 'applicationTaskExecutor'
2020-07-29 07:51:33.518  INFO 10688 --- [Thread-193] com.zaxxer.hikari.HikariDataSource       : HikariPool-2 - Shutdown initiated...
2020-07-29 07:51:33.583  INFO 10688 --- [Thread-193] com.zaxxer.hikari.HikariDataSource       : HikariPool-2 - Shutdown completed.
2020-07-29 07:51:33.809  INFO 10688 --- [restartedMain] l.e.community.CommunityApplication       : Starting CommunityApplication on DESKTOP-BHGM3HS with PID 10688 (F:\Code\community\target\classes started by hasee in F:\Code\community)
2020-07-29 07:51:33.810  INFO 10688 --- [restartedMain] l.e.community.CommunityApplication       : No active profile set, falling back to default profiles: default
2020-07-29 07:51:34.393  INFO 10688 --- [restartedMain] o.s.b.w.embedded.tomcat.TomcatWebServer  : Tomcat initialized with port(s): 8887 (http)
2020-07-29 07:51:34.394  INFO 10688 --- [restartedMain] o.apache.catalina.core.StandardService   : Starting service [Tomcat]
2020-07-29 07:51:34.395  INFO 10688 --- [restartedMain] org.apache.catalina.core.StandardEngine  : Starting Servlet engine: [Apache Tomcat/9.0.36]
2020-07-29 07:51:34.447  INFO 10688 --- [restartedMain] o.a.c.c.C.[Tomcat].[localhost].[/]       : Initializing Spring embedded WebApplicationContext
2020-07-29 07:51:34.447  INFO 10688 --- [restartedMain] w.s.c.ServletWebServerApplicationContext : Root WebApplicationContext: initialization completed in 634 ms
2020-07-29 07:51:34.477  INFO 10688 --- [restartedMain] com.zaxxer.hikari.HikariDataSource       : HikariPool-3 - Starting...
2020-07-29 07:51:34.498  INFO 10688 --- [restartedMain] com.zaxxer.hikari.HikariDataSource       : HikariPool-3 - Start completed.
2020-07-29 07:51:34.499  INFO 10688 --- [restartedMain] o.s.b.a.h2.H2ConsoleAutoConfiguration    : H2 console available at '/h2-console'. Database available at 'jdbc:h2:~/community-learn'
2020-07-29 07:51:34.809  INFO 10688 --- [restartedMain] o.s.s.concurrent.ThreadPoolTaskExecutor  : Initializing ExecutorService 'applicationTaskExecutor'
2020-07-29 07:51:34.831  INFO 10688 --- [restartedMain] o.s.b.a.w.s.WelcomePageHandlerMapping    : Adding welcome page template: index
2020-07-29 07:51:35.126  INFO 10688 --- [restartedMain] o.s.b.d.a.OptionalLiveReloadServer       : LiveReload server is running on port 35729
2020-07-29 07:51:35.158  INFO 10688 --- [restartedMain] o.s.b.w.embedded.tomcat.TomcatWebServer  : Tomcat started on port(s): 8887 (http) with context path ''
2020-07-29 07:51:35.164  INFO 10688 --- [restartedMain] l.e.community.CommunityApplication       : Started CommunityApplication in 1.398 seconds (JVM running for 184.0)
2020-07-29 07:51:35.166  INFO 10688 --- [restartedMain] .ConditionEvaluationDeltaLoggingListener : Condition evaluation unchanged
2020-07-29 07:51:35.174  INFO 10688 --- [http-nio-8887-exec-1] o.a.c.c.C.[Tomcat].[localhost].[/]       : Initializing Spring DispatcherServlet 'dispatcherServlet'
2020-07-29 07:51:35.175  INFO 10688 --- [http-nio-8887-exec-1] o.s.web.servlet.DispatcherServlet        : Initializing Servlet 'dispatcherServlet'
2020-07-29 07:51:35.179  INFO 10688 --- [http-nio-8887-exec-1] o.s.web.servlet.DispatcherServlet        : Completed initialization in 4 ms
2020-07-29 07:51:35.189 DEBUG 10688 --- [http-nio-8887-exec-1] l.e.c.mapper.UserMapper.selectByExample  : ==>  Preparing: select ID, ACCOUNT_ID, NAME, TOKEN, GMT_CREATE, GMT_MODIFIED, BIO, AVATAR_URL from USER WHERE ( TOKEN = ? )
2020-07-29 07:51:35.190 DEBUG 10688 --- [http-nio-8887-exec-1] l.e.c.mapper.UserMapper.selectByExample  : ==> Parameters: 4e665ee0-9102-4bea-a794-9c732dbecffc(String)
2020-07-29 07:51:35.192 DEBUG 10688 --- [http-nio-8887-exec-1] l.e.c.mapper.UserMapper.selectByExample  : <==      Total: 1
2020-07-29 07:51:35.201 DEBUG 10688 --- [http-nio-8887-exec-1] l.e.c.m.N.countByExample                 : ==>  Preparing: select count(*) from NOTIFICATION WHERE ( RECEIVER = ? and STATUS = ? )
2020-07-29 07:51:35.202 DEBUG 10688 --- [http-nio-8887-exec-1] l.e.c.m.N.countByExample                 : ==> Parameters: 356(Long), 0(Integer)
2020-07-29 07:51:35.203 DEBUG 10688 --- [http-nio-8887-exec-1] l.e.c.m.N.countByExample                 : <==      Total: 1
2020-07-29 07:51:35.208 DEBUG 10688 --- [http-nio-8887-exec-1] l.e.c.m.QuestionExtMapper.countBySearch  : ==>  Preparing: select count(*) from QUESTION
2020-07-29 07:51:35.208 DEBUG 10688 --- [http-nio-8887-exec-1] l.e.c.m.QuestionExtMapper.countBySearch  : ==> Parameters: 
2020-07-29 07:51:35.209 DEBUG 10688 --- [http-nio-8887-exec-1] l.e.c.m.QuestionExtMapper.countBySearch  : <==      Total: 1
2020-07-29 07:51:35.209 DEBUG 10688 --- [http-nio-8887-exec-1] l.e.c.m.Q.selectBySearch                 : ==>  Preparing: select * from QUESTION order by gmt_create desc limit ?,?
2020-07-29 07:51:35.209 DEBUG 10688 --- [http-nio-8887-exec-1] l.e.c.m.Q.selectBySearch                 : ==> Parameters: 0(Integer), 5(Integer)
2020-07-29 07:51:35.212 DEBUG 10688 --- [http-nio-8887-exec-1] l.e.c.m.Q.selectBySearch                 : <==      Total: 5
2020-07-29 07:51:35.213 DEBUG 10688 --- [http-nio-8887-exec-1] l.e.c.m.UserMapper.selectByPrimaryKey    : ==>  Preparing: select ID, ACCOUNT_ID, NAME, TOKEN, GMT_CREATE, GMT_MODIFIED, BIO, AVATAR_URL from USER where ID = ?
2020-07-29 07:51:35.213 DEBUG 10688 --- [http-nio-8887-exec-1] l.e.c.m.UserMapper.selectByPrimaryKey    : ==> Parameters: 356(Long)
2020-07-29 07:51:35.214 DEBUG 10688 --- [http-nio-8887-exec-1] l.e.c.m.UserMapper.selectByPrimaryKey    : <==      Total: 1
2020-07-29 07:51:35.229 DEBUG 10688 --- [http-nio-8887-exec-1] l.e.c.m.UserMapper.selectByPrimaryKey    : ==>  Preparing: select ID, ACCOUNT_ID, NAME, TOKEN, GMT_CREATE, GMT_MODIFIED, BIO, AVATAR_URL from USER where ID = ?
2020-07-29 07:51:35.230 DEBUG 10688 --- [http-nio-8887-exec-1] l.e.c.m.UserMapper.selectByPrimaryKey    : ==> Parameters: 356(Long)
2020-07-29 07:51:35.230 DEBUG 10688 --- [http-nio-8887-exec-1] l.e.c.m.UserMapper.selectByPrimaryKey    : <==      Total: 1
2020-07-29 07:51:35.231 DEBUG 10688 --- [http-nio-8887-exec-1] l.e.c.m.UserMapper.selectByPrimaryKey    : ==>  Preparing: select ID, ACCOUNT_ID, NAME, TOKEN, GMT_CREATE, GMT_MODIFIED, BIO, AVATAR_URL from USER where ID = ?
2020-07-29 07:51:35.231 DEBUG 10688 --- [http-nio-8887-exec-1] l.e.c.m.UserMapper.selectByPrimaryKey    : ==> Parameters: 356(Long)
2020-07-29 07:51:35.231 DEBUG 10688 --- [http-nio-8887-exec-1] l.e.c.m.UserMapper.selectByPrimaryKey    : <==      Total: 1
2020-07-29 07:51:35.233 DEBUG 10688 --- [http-nio-8887-exec-1] l.e.c.m.UserMapper.selectByPrimaryKey    : ==>  Preparing: select ID, ACCOUNT_ID, NAME, TOKEN, GMT_CREATE, GMT_MODIFIED, BIO, AVATAR_URL from USER where ID = ?
2020-07-29 07:51:35.233 DEBUG 10688 --- [http-nio-8887-exec-1] l.e.c.m.UserMapper.selectByPrimaryKey    : ==> Parameters: 356(Long)
2020-07-29 07:51:35.234 DEBUG 10688 --- [http-nio-8887-exec-1] l.e.c.m.UserMapper.selectByPrimaryKey    : <==      Total: 1
2020-07-29 07:51:35.236 DEBUG 10688 --- [http-nio-8887-exec-1] l.e.c.m.UserMapper.selectByPrimaryKey    : ==>  Preparing: select ID, ACCOUNT_ID, NAME, TOKEN, GMT_CREATE, GMT_MODIFIED, BIO, AVATAR_URL from USER where ID = ?
2020-07-29 07:51:35.238 DEBUG 10688 --- [http-nio-8887-exec-1] l.e.c.m.UserMapper.selectByPrimaryKey    : ==> Parameters: 356(Long)
2020-07-29 07:51:35.239 DEBUG 10688 --- [http-nio-8887-exec-1] l.e.c.m.UserMapper.selectByPrimaryKey    : <==      Total: 1
2020-07-29 07:51:35.317 DEBUG 10688 --- [http-nio-8887-exec-3] l.e.c.mapper.UserMapper.selectByExample  : ==>  Preparing: select ID, ACCOUNT_ID, NAME, TOKEN, GMT_CREATE, GMT_MODIFIED, BIO, AVATAR_URL from USER WHERE ( TOKEN = ? )
2020-07-29 07:51:35.317 DEBUG 10688 --- [http-nio-8887-exec-4] l.e.c.mapper.UserMapper.selectByExample  : ==>  Preparing: select ID, ACCOUNT_ID, NAME, TOKEN, GMT_CREATE, GMT_MODIFIED, BIO, AVATAR_URL from USER WHERE ( TOKEN = ? )
2020-07-29 07:51:35.317 DEBUG 10688 --- [http-nio-8887-exec-2] l.e.c.mapper.UserMapper.selectByExample  : ==>  Preparing: select ID, ACCOUNT_ID, NAME, TOKEN, GMT_CREATE, GMT_MODIFIED, BIO, AVATAR_URL from USER WHERE ( TOKEN = ? )
2020-07-29 07:51:35.319 DEBUG 10688 --- [http-nio-8887-exec-3] l.e.c.mapper.UserMapper.selectByExample  : ==> Parameters: 4e665ee0-9102-4bea-a794-9c732dbecffc(String)
2020-07-29 07:51:35.321 DEBUG 10688 --- [http-nio-8887-exec-2] l.e.c.mapper.UserMapper.selectByExample  : ==> Parameters: 4e665ee0-9102-4bea-a794-9c732dbecffc(String)
2020-07-29 07:51:35.321 DEBUG 10688 --- [http-nio-8887-exec-4] l.e.c.mapper.UserMapper.selectByExample  : ==> Parameters: 4e665ee0-9102-4bea-a794-9c732dbecffc(String)
2020-07-29 07:51:35.322 DEBUG 10688 --- [http-nio-8887-exec-3] l.e.c.mapper.UserMapper.selectByExample  : <==      Total: 1
2020-07-29 07:51:35.322 DEBUG 10688 --- [http-nio-8887-exec-2] l.e.c.mapper.UserMapper.selectByExample  : <==      Total: 1
2020-07-29 07:51:35.323 DEBUG 10688 --- [http-nio-8887-exec-4] l.e.c.mapper.UserMapper.selectByExample  : <==      Total: 1
2020-07-29 07:51:35.323 DEBUG 10688 --- [http-nio-8887-exec-4] l.e.c.m.N.countByExample                 : ==>  Preparing: select count(*) from NOTIFICATION WHERE ( RECEIVER = ? and STATUS = ? )
2020-07-29 07:51:35.323 DEBUG 10688 --- [http-nio-8887-exec-2] l.e.c.m.N.countByExample                 : ==>  Preparing: select count(*) from NOTIFICATION WHERE ( RECEIVER = ? and STATUS = ? )
2020-07-29 07:51:35.324 DEBUG 10688 --- [http-nio-8887-exec-3] l.e.c.m.N.countByExample                 : ==>  Preparing: select count(*) from NOTIFICATION WHERE ( RECEIVER = ? and STATUS = ? )
2020-07-29 07:51:35.324 DEBUG 10688 --- [http-nio-8887-exec-4] l.e.c.m.N.countByExample                 : ==> Parameters: 356(Long), 0(Integer)
2020-07-29 07:51:35.324 DEBUG 10688 --- [http-nio-8887-exec-3] l.e.c.m.N.countByExample                 : ==> Parameters: 356(Long), 0(Integer)
2020-07-29 07:51:35.324 DEBUG 10688 --- [http-nio-8887-exec-2] l.e.c.m.N.countByExample                 : ==> Parameters: 356(Long), 0(Integer)
2020-07-29 07:51:35.325 DEBUG 10688 --- [http-nio-8887-exec-3] l.e.c.m.N.countByExample                 : <==      Total: 1
2020-07-29 07:51:35.325 DEBUG 10688 --- [http-nio-8887-exec-4] l.e.c.m.N.countByExample                 : <==      Total: 1
2020-07-29 07:51:35.325 DEBUG 10688 --- [http-nio-8887-exec-2] l.e.c.m.N.countByExample                 : <==      Total: 1
2020-07-29 07:51:35.341 DEBUG 10688 --- [http-nio-8887-exec-5] l.e.c.mapper.UserMapper.selectByExample  : ==>  Preparing: select ID, ACCOUNT_ID, NAME, TOKEN, GMT_CREATE, GMT_MODIFIED, BIO, AVATAR_URL from USER WHERE ( TOKEN = ? )
2020-07-29 07:51:35.342 DEBUG 10688 --- [http-nio-8887-exec-5] l.e.c.mapper.UserMapper.selectByExample  : ==> Parameters: 4e665ee0-9102-4bea-a794-9c732dbecffc(String)
2020-07-29 07:51:35.342 DEBUG 10688 --- [http-nio-8887-exec-6] l.e.c.mapper.UserMapper.selectByExample  : ==>  Preparing: select ID, ACCOUNT_ID, NAME, TOKEN, GMT_CREATE, GMT_MODIFIED, BIO, AVATAR_URL from USER WHERE ( TOKEN = ? )
2020-07-29 07:51:35.342 DEBUG 10688 --- [http-nio-8887-exec-6] l.e.c.mapper.UserMapper.selectByExample  : ==> Parameters: 4e665ee0-9102-4bea-a794-9c732dbecffc(String)
2020-07-29 07:51:35.342 DEBUG 10688 --- [http-nio-8887-exec-5] l.e.c.mapper.UserMapper.selectByExample  : <==      Total: 1
2020-07-29 07:51:35.343 DEBUG 10688 --- [http-nio-8887-exec-6] l.e.c.mapper.UserMapper.selectByExample  : <==      Total: 1
2020-07-29 07:51:35.343 DEBUG 10688 --- [http-nio-8887-exec-5] l.e.c.m.N.countByExample                 : ==>  Preparing: select count(*) from NOTIFICATION WHERE ( RECEIVER = ? and STATUS = ? )
2020-07-29 07:51:35.343 DEBUG 10688 --- [http-nio-8887-exec-5] l.e.c.m.N.countByExample                 : ==> Parameters: 356(Long), 0(Integer)
2020-07-29 07:51:35.344 DEBUG 10688 --- [http-nio-8887-exec-6] l.e.c.m.N.countByExample                 : ==>  Preparing: select count(*) from NOTIFICATION WHERE ( RECEIVER = ? and STATUS = ? )
2020-07-29 07:51:35.344 DEBUG 10688 --- [http-nio-8887-exec-5] l.e.c.m.N.countByExample                 : <==      Total: 1
2020-07-29 07:51:35.344 DEBUG 10688 --- [http-nio-8887-exec-6] l.e.c.m.N.countByExample                 : ==> Parameters: 356(Long), 0(Integer)
2020-07-29 07:51:35.344 DEBUG 10688 --- [http-nio-8887-exec-6] l.e.c.m.N.countByExample                 : <==      Total: 1
2020-07-29 07:51:35.395 DEBUG 10688 --- [http-nio-8887-exec-7] l.e.c.mapper.UserMapper.selectByExample  : ==>  Preparing: select ID, ACCOUNT_ID, NAME, TOKEN, GMT_CREATE, GMT_MODIFIED, BIO, AVATAR_URL from USER WHERE ( TOKEN = ? )
2020-07-29 07:51:35.396 DEBUG 10688 --- [http-nio-8887-exec-7] l.e.c.mapper.UserMapper.selectByExample  : ==> Parameters: 4e665ee0-9102-4bea-a794-9c732dbecffc(String)
2020-07-29 07:51:35.396 DEBUG 10688 --- [http-nio-8887-exec-7] l.e.c.mapper.UserMapper.selectByExample  : <==      Total: 1
2020-07-29 07:51:35.397 DEBUG 10688 --- [http-nio-8887-exec-7] l.e.c.m.N.countByExample                 : ==>  Preparing: select count(*) from NOTIFICATION WHERE ( RECEIVER = ? and STATUS = ? )
2020-07-29 07:51:35.398 DEBUG 10688 --- [http-nio-8887-exec-7] l.e.c.m.N.countByExample                 : ==> Parameters: 356(Long), 0(Integer)
2020-07-29 07:51:35.398 DEBUG 10688 --- [http-nio-8887-exec-7] l.e.c.m.N.countByExample                 : <==      Total: 1
2020-07-29 07:51:35.940 DEBUG 10688 --- [http-nio-8887-exec-8] l.e.c.mapper.UserMapper.selectByExample  : ==>  Preparing: select ID, ACCOUNT_ID, NAME, TOKEN, GMT_CREATE, GMT_MODIFIED, BIO, AVATAR_URL from USER WHERE ( TOKEN = ? )
2020-07-29 07:51:35.941 DEBUG 10688 --- [http-nio-8887-exec-8] l.e.c.mapper.UserMapper.selectByExample  : ==> Parameters: 4e665ee0-9102-4bea-a794-9c732dbecffc(String)
2020-07-29 07:51:35.942 DEBUG 10688 --- [http-nio-8887-exec-8] l.e.c.mapper.UserMapper.selectByExample  : <==      Total: 1
2020-07-29 07:51:35.945 DEBUG 10688 --- [http-nio-8887-exec-8] l.e.c.m.N.countByExample                 : ==>  Preparing: select count(*) from NOTIFICATION WHERE ( RECEIVER = ? and STATUS = ? )
2020-07-29 07:51:35.945 DEBUG 10688 --- [http-nio-8887-exec-8] l.e.c.m.N.countByExample                 : ==> Parameters: 356(Long), 0(Integer)
2020-07-29 07:51:35.946 DEBUG 10688 --- [http-nio-8887-exec-8] l.e.c.m.N.countByExample                 : <==      Total: 1
2020-07-29 07:51:35.947 DEBUG 10688 --- [http-nio-8887-exec-8] l.e.c.m.QuestionExtMapper.countBySearch  : ==>  Preparing: select count(*) from QUESTION
2020-07-29 07:51:35.947 DEBUG 10688 --- [http-nio-8887-exec-8] l.e.c.m.QuestionExtMapper.countBySearch  : ==> Parameters: 
2020-07-29 07:51:35.948 DEBUG 10688 --- [http-nio-8887-exec-8] l.e.c.m.QuestionExtMapper.countBySearch  : <==      Total: 1
2020-07-29 07:51:35.949 DEBUG 10688 --- [http-nio-8887-exec-8] l.e.c.m.Q.selectBySearch                 : ==>  Preparing: select * from QUESTION order by gmt_create desc limit ?,?
2020-07-29 07:51:35.951 DEBUG 10688 --- [http-nio-8887-exec-8] l.e.c.m.Q.selectBySearch                 : ==> Parameters: 0(Integer), 5(Integer)
2020-07-29 07:51:35.958 DEBUG 10688 --- [http-nio-8887-exec-8] l.e.c.m.Q.selectBySearch                 : <==      Total: 5
2020-07-29 07:51:35.959 DEBUG 10688 --- [http-nio-8887-exec-8] l.e.c.m.UserMapper.selectByPrimaryKey    : ==>  Preparing: select ID, ACCOUNT_ID, NAME, TOKEN, GMT_CREATE, GMT_MODIFIED, BIO, AVATAR_URL from USER where ID = ?
2020-07-29 07:51:35.960 DEBUG 10688 --- [http-nio-8887-exec-8] l.e.c.m.UserMapper.selectByPrimaryKey    : ==> Parameters: 356(Long)
2020-07-29 07:51:35.961 DEBUG 10688 --- [http-nio-8887-exec-8] l.e.c.m.UserMapper.selectByPrimaryKey    : <==      Total: 1
2020-07-29 07:51:35.962 DEBUG 10688 --- [http-nio-8887-exec-8] l.e.c.m.UserMapper.selectByPrimaryKey    : ==>  Preparing: select ID, ACCOUNT_ID, NAME, TOKEN, GMT_CREATE, GMT_MODIFIED, BIO, AVATAR_URL from USER where ID = ?
2020-07-29 07:51:35.962 DEBUG 10688 --- [http-nio-8887-exec-8] l.e.c.m.UserMapper.selectByPrimaryKey    : ==> Parameters: 356(Long)
2020-07-29 07:51:35.963 DEBUG 10688 --- [http-nio-8887-exec-8] l.e.c.m.UserMapper.selectByPrimaryKey    : <==      Total: 1
2020-07-29 07:51:35.963 DEBUG 10688 --- [http-nio-8887-exec-8] l.e.c.m.UserMapper.selectByPrimaryKey    : ==>  Preparing: select ID, ACCOUNT_ID, NAME, TOKEN, GMT_CREATE, GMT_MODIFIED, BIO, AVATAR_URL from USER where ID = ?
2020-07-29 07:51:35.963 DEBUG 10688 --- [http-nio-8887-exec-8] l.e.c.m.UserMapper.selectByPrimaryKey    : ==> Parameters: 356(Long)
2020-07-29 07:51:35.971 DEBUG 10688 --- [http-nio-8887-exec-8] l.e.c.m.UserMapper.selectByPrimaryKey    : <==      Total: 1
2020-07-29 07:51:35.972 DEBUG 10688 --- [http-nio-8887-exec-8] l.e.c.m.UserMapper.selectByPrimaryKey    : ==>  Preparing: select ID, ACCOUNT_ID, NAME, TOKEN, GMT_CREATE, GMT_MODIFIED, BIO, AVATAR_URL from USER where ID = ?
2020-07-29 07:51:35.973 DEBUG 10688 --- [http-nio-8887-exec-8] l.e.c.m.UserMapper.selectByPrimaryKey    : ==> Parameters: 356(Long)
2020-07-29 07:51:35.974 DEBUG 10688 --- [http-nio-8887-exec-8] l.e.c.m.UserMapper.selectByPrimaryKey    : <==      Total: 1
2020-07-29 07:51:35.974 DEBUG 10688 --- [http-nio-8887-exec-8] l.e.c.m.UserMapper.selectByPrimaryKey    : ==>  Preparing: select ID, ACCOUNT_ID, NAME, TOKEN, GMT_CREATE, GMT_MODIFIED, BIO, AVATAR_URL from USER where ID = ?
2020-07-29 07:51:35.974 DEBUG 10688 --- [http-nio-8887-exec-8] l.e.c.m.UserMapper.selectByPrimaryKey    : ==> Parameters: 356(Long)
2020-07-29 07:51:35.975 DEBUG 10688 --- [http-nio-8887-exec-8] l.e.c.m.UserMapper.selectByPrimaryKey    : <==      Total: 1
2020-07-29 07:55:35.450  INFO 10688 --- [Thread-366] o.s.s.concurrent.ThreadPoolTaskExecutor  : Shutting down ExecutorService 'applicationTaskExecutor'
2020-07-29 07:55:35.451  INFO 10688 --- [Thread-366] com.zaxxer.hikari.HikariDataSource       : HikariPool-3 - Shutdown initiated...
2020-07-29 07:55:35.481  INFO 10688 --- [Thread-366] com.zaxxer.hikari.HikariDataSource       : HikariPool-3 - Shutdown completed.
2020-07-29 07:55:35.710  INFO 10688 --- [restartedMain] l.e.community.CommunityApplication       : Starting CommunityApplication on DESKTOP-BHGM3HS with PID 10688 (F:\Code\community\target\classes started by hasee in F:\Code\community)
2020-07-29 07:55:35.711  INFO 10688 --- [restartedMain] l.e.community.CommunityApplication       : No active profile set, falling back to default profiles: default
2020-07-29 07:55:36.225  INFO 10688 --- [restartedMain] o.s.b.w.embedded.tomcat.TomcatWebServer  : Tomcat initialized with port(s): 8887 (http)
2020-07-29 07:55:36.225  INFO 10688 --- [restartedMain] o.apache.catalina.core.StandardService   : Starting service [Tomcat]
2020-07-29 07:55:36.226  INFO 10688 --- [restartedMain] org.apache.catalina.core.StandardEngine  : Starting Servlet engine: [Apache Tomcat/9.0.36]
2020-07-29 07:55:36.289  INFO 10688 --- [restartedMain] o.a.c.c.C.[Tomcat].[localhost].[/]       : Initializing Spring embedded WebApplicationContext
2020-07-29 07:55:36.290  INFO 10688 --- [restartedMain] w.s.c.ServletWebServerApplicationContext : Root WebApplicationContext: initialization completed in 577 ms
2020-07-29 07:55:36.308  INFO 10688 --- [restartedMain] com.zaxxer.hikari.HikariDataSource       : HikariPool-4 - Starting...
2020-07-29 07:55:36.328  INFO 10688 --- [restartedMain] com.zaxxer.hikari.HikariDataSource       : HikariPool-4 - Start completed.
2020-07-29 07:55:36.328  INFO 10688 --- [restartedMain] o.s.b.a.h2.H2ConsoleAutoConfiguration    : H2 console available at '/h2-console'. Database available at 'jdbc:h2:~/community-learn'
2020-07-29 07:55:36.580  INFO 10688 --- [restartedMain] o.s.s.concurrent.ThreadPoolTaskExecutor  : Initializing ExecutorService 'applicationTaskExecutor'
2020-07-29 07:55:36.603  INFO 10688 --- [restartedMain] o.s.b.a.w.s.WelcomePageHandlerMapping    : Adding welcome page template: index
2020-07-29 07:55:36.934  INFO 10688 --- [restartedMain] o.s.b.d.a.OptionalLiveReloadServer       : LiveReload server is running on port 35729
2020-07-29 07:55:36.960  INFO 10688 --- [restartedMain] o.s.b.w.embedded.tomcat.TomcatWebServer  : Tomcat started on port(s): 8887 (http) with context path ''
2020-07-29 07:55:36.970  INFO 10688 --- [restartedMain] l.e.community.CommunityApplication       : Started CommunityApplication in 1.3 seconds (JVM running for 425.805)
2020-07-29 07:55:36.980  INFO 10688 --- [restartedMain] .ConditionEvaluationDeltaLoggingListener : Condition evaluation unchanged
2020-07-29 07:55:36.980  INFO 10688 --- [http-nio-8887-exec-1] o.a.c.c.C.[Tomcat].[localhost].[/]       : Initializing Spring DispatcherServlet 'dispatcherServlet'
2020-07-29 07:55:36.981  INFO 10688 --- [http-nio-8887-exec-1] o.s.web.servlet.DispatcherServlet        : Initializing Servlet 'dispatcherServlet'
2020-07-29 07:55:36.985  INFO 10688 --- [http-nio-8887-exec-1] o.s.web.servlet.DispatcherServlet        : Completed initialization in 4 ms
2020-07-29 07:55:36.997 DEBUG 10688 --- [http-nio-8887-exec-1] l.e.c.mapper.UserMapper.selectByExample  : ==>  Preparing: select ID, ACCOUNT_ID, NAME, TOKEN, GMT_CREATE, GMT_MODIFIED, BIO, AVATAR_URL from USER WHERE ( TOKEN = ? )
2020-07-29 07:55:36.997 DEBUG 10688 --- [http-nio-8887-exec-1] l.e.c.mapper.UserMapper.selectByExample  : ==> Parameters: 4e665ee0-9102-4bea-a794-9c732dbecffc(String)
2020-07-29 07:55:36.998 DEBUG 10688 --- [http-nio-8887-exec-1] l.e.c.mapper.UserMapper.selectByExample  : <==      Total: 1
2020-07-29 07:55:37.010 DEBUG 10688 --- [http-nio-8887-exec-1] l.e.c.m.N.countByExample                 : ==>  Preparing: select count(*) from NOTIFICATION WHERE ( RECEIVER = ? and STATUS = ? )
2020-07-29 07:55:37.010 DEBUG 10688 --- [http-nio-8887-exec-1] l.e.c.m.N.countByExample                 : ==> Parameters: 356(Long), 0(Integer)
2020-07-29 07:55:37.011 DEBUG 10688 --- [http-nio-8887-exec-1] l.e.c.m.N.countByExample                 : <==      Total: 1
2020-07-29 07:55:37.015 DEBUG 10688 --- [http-nio-8887-exec-1] l.e.c.m.QuestionExtMapper.countBySearch  : ==>  Preparing: select count(*) from QUESTION
2020-07-29 07:55:37.015 DEBUG 10688 --- [http-nio-8887-exec-1] l.e.c.m.QuestionExtMapper.countBySearch  : ==> Parameters: 
2020-07-29 07:55:37.015 DEBUG 10688 --- [http-nio-8887-exec-1] l.e.c.m.QuestionExtMapper.countBySearch  : <==      Total: 1
2020-07-29 07:55:37.016 DEBUG 10688 --- [http-nio-8887-exec-1] l.e.c.m.Q.selectBySearch                 : ==>  Preparing: select * from QUESTION order by gmt_create desc limit ?,?
2020-07-29 07:55:37.017 DEBUG 10688 --- [http-nio-8887-exec-1] l.e.c.m.Q.selectBySearch                 : ==> Parameters: 0(Integer), 5(Integer)
2020-07-29 07:55:37.023 DEBUG 10688 --- [http-nio-8887-exec-1] l.e.c.m.Q.selectBySearch                 : <==      Total: 5
2020-07-29 07:55:37.024 DEBUG 10688 --- [http-nio-8887-exec-1] l.e.c.m.UserMapper.selectByPrimaryKey    : ==>  Preparing: select ID, ACCOUNT_ID, NAME, TOKEN, GMT_CREATE, GMT_MODIFIED, BIO, AVATAR_URL from USER where ID = ?
2020-07-29 07:55:37.024 DEBUG 10688 --- [http-nio-8887-exec-1] l.e.c.m.UserMapper.selectByPrimaryKey    : ==> Parameters: 356(Long)
2020-07-29 07:55:37.026 DEBUG 10688 --- [http-nio-8887-exec-1] l.e.c.m.UserMapper.selectByPrimaryKey    : <==      Total: 1
2020-07-29 07:55:37.048 DEBUG 10688 --- [http-nio-8887-exec-1] l.e.c.m.UserMapper.selectByPrimaryKey    : ==>  Preparing: select ID, ACCOUNT_ID, NAME, TOKEN, GMT_CREATE, GMT_MODIFIED, BIO, AVATAR_URL from USER where ID = ?
2020-07-29 07:55:37.048 DEBUG 10688 --- [http-nio-8887-exec-1] l.e.c.m.UserMapper.selectByPrimaryKey    : ==> Parameters: 356(Long)
2020-07-29 07:55:37.049 DEBUG 10688 --- [http-nio-8887-exec-1] l.e.c.m.UserMapper.selectByPrimaryKey    : <==      Total: 1
2020-07-29 07:55:37.051 DEBUG 10688 --- [http-nio-8887-exec-1] l.e.c.m.UserMapper.selectByPrimaryKey    : ==>  Preparing: select ID, ACCOUNT_ID, NAME, TOKEN, GMT_CREATE, GMT_MODIFIED, BIO, AVATAR_URL from USER where ID = ?
2020-07-29 07:55:37.051 DEBUG 10688 --- [http-nio-8887-exec-1] l.e.c.m.UserMapper.selectByPrimaryKey    : ==> Parameters: 356(Long)
2020-07-29 07:55:37.052 DEBUG 10688 --- [http-nio-8887-exec-1] l.e.c.m.UserMapper.selectByPrimaryKey    : <==      Total: 1
2020-07-29 07:55:37.053 DEBUG 10688 --- [http-nio-8887-exec-1] l.e.c.m.UserMapper.selectByPrimaryKey    : ==>  Preparing: select ID, ACCOUNT_ID, NAME, TOKEN, GMT_CREATE, GMT_MODIFIED, BIO, AVATAR_URL from USER where ID = ?
2020-07-29 07:55:37.054 DEBUG 10688 --- [http-nio-8887-exec-1] l.e.c.m.UserMapper.selectByPrimaryKey    : ==> Parameters: 356(Long)
2020-07-29 07:55:37.055 DEBUG 10688 --- [http-nio-8887-exec-1] l.e.c.m.UserMapper.selectByPrimaryKey    : <==      Total: 1
2020-07-29 07:55:37.055 DEBUG 10688 --- [http-nio-8887-exec-1] l.e.c.m.UserMapper.selectByPrimaryKey    : ==>  Preparing: select ID, ACCOUNT_ID, NAME, TOKEN, GMT_CREATE, GMT_MODIFIED, BIO, AVATAR_URL from USER where ID = ?
2020-07-29 07:55:37.056 DEBUG 10688 --- [http-nio-8887-exec-1] l.e.c.m.UserMapper.selectByPrimaryKey    : ==> Parameters: 356(Long)
2020-07-29 07:55:37.056 DEBUG 10688 --- [http-nio-8887-exec-1] l.e.c.m.UserMapper.selectByPrimaryKey    : <==      Total: 1
2020-07-29 07:55:37.146 DEBUG 10688 --- [http-nio-8887-exec-3] l.e.c.mapper.UserMapper.selectByExample  : ==>  Preparing: select ID, ACCOUNT_ID, NAME, TOKEN, GMT_CREATE, GMT_MODIFIED, BIO, AVATAR_URL from USER WHERE ( TOKEN = ? )
2020-07-29 07:55:37.146 DEBUG 10688 --- [http-nio-8887-exec-2] l.e.c.mapper.UserMapper.selectByExample  : ==>  Preparing: select ID, ACCOUNT_ID, NAME, TOKEN, GMT_CREATE, GMT_MODIFIED, BIO, AVATAR_URL from USER WHERE ( TOKEN = ? )
2020-07-29 07:55:37.146 DEBUG 10688 --- [http-nio-8887-exec-4] l.e.c.mapper.UserMapper.selectByExample  : ==>  Preparing: select ID, ACCOUNT_ID, NAME, TOKEN, GMT_CREATE, GMT_MODIFIED, BIO, AVATAR_URL from USER WHERE ( TOKEN = ? )
2020-07-29 07:55:37.147 DEBUG 10688 --- [http-nio-8887-exec-4] l.e.c.mapper.UserMapper.selectByExample  : ==> Parameters: 4e665ee0-9102-4bea-a794-9c732dbecffc(String)
2020-07-29 07:55:37.147 DEBUG 10688 --- [http-nio-8887-exec-3] l.e.c.mapper.UserMapper.selectByExample  : ==> Parameters: 4e665ee0-9102-4bea-a794-9c732dbecffc(String)
2020-07-29 07:55:37.147 DEBUG 10688 --- [http-nio-8887-exec-2] l.e.c.mapper.UserMapper.selectByExample  : ==> Parameters: 4e665ee0-9102-4bea-a794-9c732dbecffc(String)
2020-07-29 07:55:37.148 DEBUG 10688 --- [http-nio-8887-exec-4] l.e.c.mapper.UserMapper.selectByExample  : <==      Total: 1
2020-07-29 07:55:37.148 DEBUG 10688 --- [http-nio-8887-exec-3] l.e.c.mapper.UserMapper.selectByExample  : <==      Total: 1
2020-07-29 07:55:37.148 DEBUG 10688 --- [http-nio-8887-exec-2] l.e.c.mapper.UserMapper.selectByExample  : <==      Total: 1
2020-07-29 07:55:37.148 DEBUG 10688 --- [http-nio-8887-exec-3] l.e.c.m.N.countByExample                 : ==>  Preparing: select count(*) from NOTIFICATION WHERE ( RECEIVER = ? and STATUS = ? )
2020-07-29 07:55:37.148 DEBUG 10688 --- [http-nio-8887-exec-4] l.e.c.m.N.countByExample                 : ==>  Preparing: select count(*) from NOTIFICATION WHERE ( RECEIVER = ? and STATUS = ? )
2020-07-29 07:55:37.148 DEBUG 10688 --- [http-nio-8887-exec-2] l.e.c.m.N.countByExample                 : ==>  Preparing: select count(*) from NOTIFICATION WHERE ( RECEIVER = ? and STATUS = ? )
2020-07-29 07:55:37.149 DEBUG 10688 --- [http-nio-8887-exec-4] l.e.c.m.N.countByExample                 : ==> Parameters: 356(Long), 0(Integer)
2020-07-29 07:55:37.149 DEBUG 10688 --- [http-nio-8887-exec-2] l.e.c.m.N.countByExample                 : ==> Parameters: 356(Long), 0(Integer)
2020-07-29 07:55:37.149 DEBUG 10688 --- [http-nio-8887-exec-3] l.e.c.m.N.countByExample                 : ==> Parameters: 356(Long), 0(Integer)
2020-07-29 07:55:37.149 DEBUG 10688 --- [http-nio-8887-exec-4] l.e.c.m.N.countByExample                 : <==      Total: 1
2020-07-29 07:55:37.149 DEBUG 10688 --- [http-nio-8887-exec-3] l.e.c.m.N.countByExample                 : <==      Total: 1
2020-07-29 07:55:37.149 DEBUG 10688 --- [http-nio-8887-exec-2] l.e.c.m.N.countByExample                 : <==      Total: 1
2020-07-29 07:55:37.169 DEBUG 10688 --- [http-nio-8887-exec-5] l.e.c.mapper.UserMapper.selectByExample  : ==>  Preparing: select ID, ACCOUNT_ID, NAME, TOKEN, GMT_CREATE, GMT_MODIFIED, BIO, AVATAR_URL from USER WHERE ( TOKEN = ? )
2020-07-29 07:55:37.171 DEBUG 10688 --- [http-nio-8887-exec-5] l.e.c.mapper.UserMapper.selectByExample  : ==> Parameters: 4e665ee0-9102-4bea-a794-9c732dbecffc(String)
2020-07-29 07:55:37.171 DEBUG 10688 --- [http-nio-8887-exec-5] l.e.c.mapper.UserMapper.selectByExample  : <==      Total: 1
2020-07-29 07:55:37.171 DEBUG 10688 --- [http-nio-8887-exec-6] l.e.c.mapper.UserMapper.selectByExample  : ==>  Preparing: select ID, ACCOUNT_ID, NAME, TOKEN, GMT_CREATE, GMT_MODIFIED, BIO, AVATAR_URL from USER WHERE ( TOKEN = ? )
2020-07-29 07:55:37.171 DEBUG 10688 --- [http-nio-8887-exec-6] l.e.c.mapper.UserMapper.selectByExample  : ==> Parameters: 4e665ee0-9102-4bea-a794-9c732dbecffc(String)
2020-07-29 07:55:37.171 DEBUG 10688 --- [http-nio-8887-exec-6] l.e.c.mapper.UserMapper.selectByExample  : <==      Total: 1
2020-07-29 07:55:37.172 DEBUG 10688 --- [http-nio-8887-exec-5] l.e.c.m.N.countByExample                 : ==>  Preparing: select count(*) from NOTIFICATION WHERE ( RECEIVER = ? and STATUS = ? )
2020-07-29 07:55:37.173 DEBUG 10688 --- [http-nio-8887-exec-6] l.e.c.m.N.countByExample                 : ==>  Preparing: select count(*) from NOTIFICATION WHERE ( RECEIVER = ? and STATUS = ? )
2020-07-29 07:55:37.173 DEBUG 10688 --- [http-nio-8887-exec-6] l.e.c.m.N.countByExample                 : ==> Parameters: 356(Long), 0(Integer)
2020-07-29 07:55:37.173 DEBUG 10688 --- [http-nio-8887-exec-5] l.e.c.m.N.countByExample                 : ==> Parameters: 356(Long), 0(Integer)
2020-07-29 07:55:37.173 DEBUG 10688 --- [http-nio-8887-exec-6] l.e.c.m.N.countByExample                 : <==      Total: 1
2020-07-29 07:55:37.173 DEBUG 10688 --- [http-nio-8887-exec-5] l.e.c.m.N.countByExample                 : <==      Total: 1
2020-07-29 07:55:37.224 DEBUG 10688 --- [http-nio-8887-exec-7] l.e.c.mapper.UserMapper.selectByExample  : ==>  Preparing: select ID, ACCOUNT_ID, NAME, TOKEN, GMT_CREATE, GMT_MODIFIED, BIO, AVATAR_URL from USER WHERE ( TOKEN = ? )
2020-07-29 07:55:37.224 DEBUG 10688 --- [http-nio-8887-exec-7] l.e.c.mapper.UserMapper.selectByExample  : ==> Parameters: 4e665ee0-9102-4bea-a794-9c732dbecffc(String)
2020-07-29 07:55:37.225 DEBUG 10688 --- [http-nio-8887-exec-7] l.e.c.mapper.UserMapper.selectByExample  : <==      Total: 1
2020-07-29 07:55:37.226 DEBUG 10688 --- [http-nio-8887-exec-7] l.e.c.m.N.countByExample                 : ==>  Preparing: select count(*) from NOTIFICATION WHERE ( RECEIVER = ? and STATUS = ? )
2020-07-29 07:55:37.227 DEBUG 10688 --- [http-nio-8887-exec-7] l.e.c.m.N.countByExample                 : ==> Parameters: 356(Long), 0(Integer)
2020-07-29 07:55:37.228 DEBUG 10688 --- [http-nio-8887-exec-7] l.e.c.m.N.countByExample                 : <==      Total: 1
2020-07-29 07:55:37.946 DEBUG 10688 --- [http-nio-8887-exec-8] l.e.c.mapper.UserMapper.selectByExample  : ==>  Preparing: select ID, ACCOUNT_ID, NAME, TOKEN, GMT_CREATE, GMT_MODIFIED, BIO, AVATAR_URL from USER WHERE ( TOKEN = ? )
2020-07-29 07:55:37.947 DEBUG 10688 --- [http-nio-8887-exec-8] l.e.c.mapper.UserMapper.selectByExample  : ==> Parameters: 4e665ee0-9102-4bea-a794-9c732dbecffc(String)
2020-07-29 07:55:37.947 DEBUG 10688 --- [http-nio-8887-exec-8] l.e.c.mapper.UserMapper.selectByExample  : <==      Total: 1
2020-07-29 07:55:37.952 DEBUG 10688 --- [http-nio-8887-exec-8] l.e.c.m.N.countByExample                 : ==>  Preparing: select count(*) from NOTIFICATION WHERE ( RECEIVER = ? and STATUS = ? )
2020-07-29 07:55:37.954 DEBUG 10688 --- [http-nio-8887-exec-8] l.e.c.m.N.countByExample                 : ==> Parameters: 356(Long), 0(Integer)
2020-07-29 07:55:37.956 DEBUG 10688 --- [http-nio-8887-exec-8] l.e.c.m.N.countByExample                 : <==      Total: 1
2020-07-29 07:55:37.958 DEBUG 10688 --- [http-nio-8887-exec-8] l.e.c.m.QuestionExtMapper.countBySearch  : ==>  Preparing: select count(*) from QUESTION
2020-07-29 07:55:37.958 DEBUG 10688 --- [http-nio-8887-exec-8] l.e.c.m.QuestionExtMapper.countBySearch  : ==> Parameters: 
2020-07-29 07:55:37.959 DEBUG 10688 --- [http-nio-8887-exec-8] l.e.c.m.QuestionExtMapper.countBySearch  : <==      Total: 1
2020-07-29 07:55:37.960 DEBUG 10688 --- [http-nio-8887-exec-8] l.e.c.m.Q.selectBySearch                 : ==>  Preparing: select * from QUESTION order by gmt_create desc limit ?,?
2020-07-29 07:55:37.961 DEBUG 10688 --- [http-nio-8887-exec-8] l.e.c.m.Q.selectBySearch                 : ==> Parameters: 0(Integer), 5(Integer)
2020-07-29 07:55:37.963 DEBUG 10688 --- [http-nio-8887-exec-8] l.e.c.m.Q.selectBySearch                 : <==      Total: 5
2020-07-29 07:55:37.963 DEBUG 10688 --- [http-nio-8887-exec-8] l.e.c.m.UserMapper.selectByPrimaryKey    : ==>  Preparing: select ID, ACCOUNT_ID, NAME, TOKEN, GMT_CREATE, GMT_MODIFIED, BIO, AVATAR_URL from USER where ID = ?
2020-07-29 07:55:37.964 DEBUG 10688 --- [http-nio-8887-exec-8] l.e.c.m.UserMapper.selectByPrimaryKey    : ==> Parameters: 356(Long)
2020-07-29 07:55:37.964 DEBUG 10688 --- [http-nio-8887-exec-8] l.e.c.m.UserMapper.selectByPrimaryKey    : <==      Total: 1
2020-07-29 07:55:37.964 DEBUG 10688 --- [http-nio-8887-exec-8] l.e.c.m.UserMapper.selectByPrimaryKey    : ==>  Preparing: select ID, ACCOUNT_ID, NAME, TOKEN, GMT_CREATE, GMT_MODIFIED, BIO, AVATAR_URL from USER where ID = ?
2020-07-29 07:55:37.964 DEBUG 10688 --- [http-nio-8887-exec-8] l.e.c.m.UserMapper.selectByPrimaryKey    : ==> Parameters: 356(Long)
2020-07-29 07:55:37.964 DEBUG 10688 --- [http-nio-8887-exec-8] l.e.c.m.UserMapper.selectByPrimaryKey    : <==      Total: 1
2020-07-29 07:55:37.973 DEBUG 10688 --- [http-nio-8887-exec-8] l.e.c.m.UserMapper.selectByPrimaryKey    : ==>  Preparing: select ID, ACCOUNT_ID, NAME, TOKEN, GMT_CREATE, GMT_MODIFIED, BIO, AVATAR_URL from USER where ID = ?
2020-07-29 07:55:37.974 DEBUG 10688 --- [http-nio-8887-exec-8] l.e.c.m.UserMapper.selectByPrimaryKey    : ==> Parameters: 356(Long)
2020-07-29 07:55:37.979 DEBUG 10688 --- [http-nio-8887-exec-8] l.e.c.m.UserMapper.selectByPrimaryKey    : <==      Total: 1
2020-07-29 07:55:37.980 DEBUG 10688 --- [http-nio-8887-exec-8] l.e.c.m.UserMapper.selectByPrimaryKey    : ==>  Preparing: select ID, ACCOUNT_ID, NAME, TOKEN, GMT_CREATE, GMT_MODIFIED, BIO, AVATAR_URL from USER where ID = ?
2020-07-29 07:55:37.980 DEBUG 10688 --- [http-nio-8887-exec-8] l.e.c.m.UserMapper.selectByPrimaryKey    : ==> Parameters: 356(Long)
2020-07-29 07:55:37.981 DEBUG 10688 --- [http-nio-8887-exec-8] l.e.c.m.UserMapper.selectByPrimaryKey    : <==      Total: 1
2020-07-29 07:55:37.981 DEBUG 10688 --- [http-nio-8887-exec-8] l.e.c.m.UserMapper.selectByPrimaryKey    : ==>  Preparing: select ID, ACCOUNT_ID, NAME, TOKEN, GMT_CREATE, GMT_MODIFIED, BIO, AVATAR_URL from USER where ID = ?
2020-07-29 07:55:37.982 DEBUG 10688 --- [http-nio-8887-exec-8] l.e.c.m.UserMapper.selectByPrimaryKey    : ==> Parameters: 356(Long)
2020-07-29 07:55:37.983 DEBUG 10688 --- [http-nio-8887-exec-8] l.e.c.m.UserMapper.selectByPrimaryKey    : <==      Total: 1
